<?xml version="1.0" encoding="UTF-8"?>
<testsuite xmlns:xsi="http://www.w3.org/2001/XMLSchema-instance" xsi:noNamespaceSchemaLocation="https://maven.apache.org/surefire/maven-surefire-plugin/xsd/surefire-test-report-3.0.xsd" version="3.0" name="prueba.pkg2.GestionSemaforosTest" time="0.059" tests="5" errors="0" skipped="0" failures="0">
  <properties>
[...]
</properties>
  <testcase name="testComposicionLuces" classname="prueba.pkg2.GestionSemaforosTest" time="0.017">
    <system-out><![CDATA[tarea finalizada
]]></system-out>
  </testcase>
  <testcase name="testEstadisticasDenunciasPorSemaforo" classname="prueba.pkg2.GestionSemaforosTest" time="0.002">
    <system-out><![CDATA[tarea finalizada
]]></system-out>
  </testcase>
  <testcase name="testOrdenYaAsignadaException" classname="prueba.pkg2.GestionSemaforosTest" time="0.011">
    <system-out><![CDATA[tarea finalizada
]]></system-out>
  </testcase>
  <testcase name="testFlujoReparacionExitoso" classname="prueba.pkg2.GestionSemaforosTest" time="0.003">
    <system-out><![CDATA[tarea finalizada
]]></system-out>
  </testcase>
  <testcase name="testPrioridadesValidas" classname="prueba.pkg2.GestionSemaforosTest" time="0.001">
    <system-out><![CDATA[tarea finalizada
]]></system-out>
  </testcase>
</testsuite>